Determining if the pthread_create exist failed with the following output:
Change Dir: /home/sreelal/Desktop/KGG/build-Triangulation_2-Desktop_Qt_5_11_1_GCC_64bit-Default/CMakeFiles/CMakeTmp

Run Build Command:"/usr/bin/make" "cmTC_fb6aa/fast"
/usr/bin/make -f CMakeFiles/cmTC_fb6aa.dir/build.make CMakeFiles/cmTC_fb6aa.dir/build
make[1]: Entering directory '/home/sreelal/Desktop/KGG/build-Triangulation_2-Desktop_Qt_5_11_1_GCC_64bit-Default/CMakeFiles/CMakeTmp'
Building C object CMakeFiles/cmTC_fb6aa.dir/CheckSymbolExists.c.o
/usr/bin/gcc     -o CMakeFiles/cmTC_fb6aa.dir/CheckSymbolExists.c.o   -c /home/sreelal/Desktop/KGG/build-Triangulation_2-Desktop_Qt_5_11_1_GCC_64bit-Default/CMakeFiles/CMakeTmp/CheckSymbolExists.c
Linking C executable cmTC_fb6aa
/usr/bin/cmake -E cmake_link_script CMakeFiles/cmTC_fb6aa.dir/link.txt --verbose=1
/usr/bin/gcc       CMakeFiles/cmTC_fb6aa.dir/CheckSymbolExists.c.o  -o cmTC_fb6aa -rdynamic 
CMakeFiles/cmTC_fb6aa.dir/CheckSymbolExists.c.o: In function `main':
CheckSymbolExists.c:(.text+0x16): undefined reference to `pthread_create'
collect2: error: ld returned 1 exit status
CMakeFiles/cmTC_fb6aa.dir/build.make:97: recipe for target 'cmTC_fb6aa' failed
make[1]: *** [cmTC_fb6aa] Error 1
make[1]: Leaving directory '/home/sreelal/Desktop/KGG/build-Triangulation_2-Desktop_Qt_5_11_1_GCC_64bit-Default/CMakeFiles/CMakeTmp'
Makefile:126: recipe for target 'cmTC_fb6aa/fast' failed
make: *** [cmTC_fb6aa/fast] Error 2

File /home/sreelal/Desktop/KGG/build-Triangulation_2-Desktop_Qt_5_11_1_GCC_64bit-Default/CMakeFiles/CMakeTmp/CheckSymbolExists.c:
/* */
#include <pthread.h>

int main(int argc, char** argv)
{
  (void)argv;
#ifndef pthread_create
  return ((int*)(&pthread_create))[argc];
#else
  (void)argc;
  return 0;
#endif
}

Determining if the function pthread_create exists in the pthreads failed with the following output:
Change Dir: /home/sreelal/Desktop/KGG/build-Triangulation_2-Desktop_Qt_5_11_1_GCC_64bit-Default/CMakeFiles/CMakeTmp

Run Build Command:"/usr/bin/make" "cmTC_3464c/fast"
/usr/bin/make -f CMakeFiles/cmTC_3464c.dir/build.make CMakeFiles/cmTC_3464c.dir/build
make[1]: Entering directory '/home/sreelal/Desktop/KGG/build-Triangulation_2-Desktop_Qt_5_11_1_GCC_64bit-Default/CMakeFiles/CMakeTmp'
Building C object CMakeFiles/cmTC_3464c.dir/CheckFunctionExists.c.o
/usr/bin/gcc    -DCHECK_FUNCTION_EXISTS=pthread_create   -o CMakeFiles/cmTC_3464c.dir/CheckFunctionExists.c.o   -c /usr/share/cmake-3.5/Modules/CheckFunctionExists.c
Linking C executable cmTC_3464c
/usr/bin/cmake -E cmake_link_script CMakeFiles/cmTC_3464c.dir/link.txt --verbose=1
/usr/bin/gcc   -DCHECK_FUNCTION_EXISTS=pthread_create    CMakeFiles/cmTC_3464c.dir/CheckFunctionExists.c.o  -o cmTC_3464c -rdynamic -lpthreads 
/usr/bin/ld: cannot find -lpthreads
collect2: error: ld returned 1 exit status
CMakeFiles/cmTC_3464c.dir/build.make:97: recipe for target 'cmTC_3464c' failed
make[1]: *** [cmTC_3464c] Error 1
make[1]: Leaving directory '/home/sreelal/Desktop/KGG/build-Triangulation_2-Desktop_Qt_5_11_1_GCC_64bit-Default/CMakeFiles/CMakeTmp'
Makefile:126: recipe for target 'cmTC_3464c/fast' failed
make: *** [cmTC_3464c/fast] Error 2


